<?xml version="1.0" encoding="UTF-8"?>
<!-- Generated by org.testng.reporters.JUnitXMLReporter -->
<testsuite ignored="4" hostname="GSK-QA-062" failures="0" tests="1" name="Default test" time="627.217" errors="0" timestamp="2020-07-13T16:38:54 IST">
  <testcase classname="mavenendtoend.end2end.KanTest" name="browser" time="627.177"/>
  <testcase classname="mavenendtoend.end2end.KanTest" name="fromIntake" time="0.0">
    <ignored/>
  </testcase> <!-- fromIntake -->
  <testcase classname="mavenendtoend.end2end.KanTest" name="fromEpisode" time="0.0">
    <ignored/>
  </testcase> <!-- fromEpisode -->
  <testcase classname="mavenendtoend.end2end.KanTest" name="clinicianSign" time="0.0">
    <ignored/>
  </testcase> <!-- clinicianSign -->
  <testcase classname="mavenendtoend.end2end.KanTest" name="subFormSubmitAndApprove" time="0.0">
    <ignored/>
  </testcase> <!-- subFormSubmitAndApprove -->
</testsuite> <!-- Default test -->
