<?xml version="1.0" encoding="UTF-8"?>
<testng-results ignored="0" total="1" passed="1" failed="0" skipped="0">
  <reporter-output>
  </reporter-output>
  <suite started-at="2020-07-13T18:16:11 IST" name="Suite" finished-at="2020-07-13T18:17:04 IST" duration-ms="52431">
    <groups>
    </groups>
    <test started-at="2020-07-13T18:16:11 IST" name="Test" finished-at="2020-07-13T18:17:04 IST" duration-ms="52431">
      <class name="mavenendtoend.end2end.KanTest">
        <test-method signature="browser()[pri:0, instance:mavenendtoend.end2end.KanTest@4df50bcc]" started-at="2020-07-13T18:16:11 IST" name="browser" finished-at="2020-07-13T18:17:04 IST" duration-ms="52394" status="PASS">
          <reporter-output>
          </reporter-output>
        </test-method> <!-- browser -->
      </class> <!-- mavenendtoend.end2end.KanTest -->
    </test> <!-- Test -->
  </suite> <!-- Suite -->
</testng-results>
